0.1684480607509613
0.21427156031131744
0.06330718100070953
0.02791607193648815
0.014169521629810333
0.005713687278330326
0.10534518957138062
0.025899196043610573
0.6651358604431152
0.03172963857650757
0.09675747901201248
0.35873568058013916
0.023574918508529663
0.006310072727501392
0.01659534126520157
0.9036388993263245
0.5863341093063354
0.40476715564727783
0.02699803188443184
0.051476720720529556
0.8226211071014404
0.050476640462875366
0.6812863945960999
0.014689727686345577
0.010139471851289272
0.016720956191420555
0.00886827427893877
0.013370179571211338
0.8598929047584534
0.024568557739257812
0.022816648706793785
0.011015648953616619
0.15493033826351166
0.21677029132843018
0.007811678573489189
0.008974204771220684
0.8475439548492432
0.03913778066635132
0.03130830079317093
0.014615676365792751
0.020784741267561913
0.022972693666815758
0.014104612171649933
0.015749145299196243
0.008738397620618343
0.65254807472229
0.4511687755584717
0.9566231369972229
0.024895407259464264
0.040893565863370895
0.023623693734407425
0.022015830501914024
0.07497081905603409
0.950011134147644
0.013898405246436596
0.032197073101997375
0.03624160215258598
0.010548747144639492
0.01674666628241539
0.009298677556216717
0.024385450407862663
0.014508957974612713
0.417207270860672
0.033581387251615524
0.010542895644903183
0.042148198932409286
0.025085315108299255
0.025356534868478775
0.02071845903992653
0.04457199200987816
0.02602040022611618
0.008588895201683044
0.005636055953800678
0.35528650879859924
0.03799867257475853
0.011309231631457806
0.9850918650627136
0.2086630016565323
0.010987108573317528
0.015532182529568672
0.016767162829637527
0.029371926560997963
0.02383359707891941
0.9375891089439392
0.173687145113945
0.010432712733745575
0.012280341237783432
0.01214765664190054
0.021430455148220062
0.02130751870572567
0.01448642835021019
0.33926016092300415
0.8004374504089355
0.02790185995399952
0.009141432121396065
0.08957505971193314
0.01588565483689308
0.05796121433377266
0.009536383673548698
0.02328318916261196
0.01862017624080181
0.010983777232468128
0.20590396225452423
0.04787583276629448
0.01276963111013174
0.01733328215777874
0.014626984484493732
0.04056696221232414
0.024252999573946
0.29420602321624756
0.011293184012174606
0.037872012704610825
0.012885545380413532
0.015344665385782719
0.017112910747528076
0.7990730404853821
0.023190177977085114
0.04182670637965202
0.011668640188872814
0.02800237387418747
0.00800767820328474
0.014360695146024227
0.047663189470767975
0.558570921421051
0.021525222808122635
0.01766141504049301
0.0825851559638977
0.03350501134991646
0.03521304950118065
0.015325749292969704
0.011540049687027931
0.5493990182876587
0.02762889489531517
0.007694606203585863
0.018426047638058662
0.04579944908618927
0.02797023206949234
0.06349072605371475
0.02026795595884323
0.9052221775054932
0.016631130129098892
0.008177599869668484
0.01012999564409256
0.016423864290118217
0.028318187221884727
0.013474663719534874
0.019876541569828987
0.964660108089447
0.0077370535582304
0.039300426840782166
0.6636478900909424
0.005737839266657829
0.012539546005427837
0.01009538397192955
0.021373340860009193
0.035544708371162415
0.030450226739048958
0.008851529099047184
0.023025596514344215
0.038430776447057724
0.971492350101471
0.03063318133354187
0.004453285597264767
0.030576691031455994
0.04599585011601448
0.9446926116943359
0.018946733325719833
0.026842299848794937
0.025097539648413658
0.025626109912991524
0.01780521497130394
0.1305849552154541
0.021122287958860397
0.01624421961605549
0.05073343962430954
0.02665840834379196
0.03264984115958214
0.02785848267376423
0.9838100671768188
0.14822255074977875
0.9352473020553589
0.01702801324427128
0.013699210248887539
0.8880519270896912
0.22060361504554749
0.02583867684006691
0.01138597633689642
0.0109474528580904
0.013888617977499962
0.17524825036525726
0.004855007398873568
0.02329222671687603
0.17314553260803223
0.010611725971102715
0.02198977954685688
0.014142796397209167
0.034232206642627716
0.06763304024934769
0.0254181120544672
0.07675473392009735
0.7572671175003052
0.12003722041845322
0.04129636287689209
0.9776192903518677
0.06415078788995743
0.01697094552218914
0.014483167789876461
0.02560948021709919
0.009076979011297226
0.05529220774769783
0.0060930270701646805
0.013329662382602692
0.08144568651914597
0.011210068129003048
0.01210608147084713
0.012379982508718967
0.02348586730659008
0.011857510544359684
0.01700645312666893
0.021180802956223488
0.004778661299496889
0.008369242772459984
0.028025908395648003
0.010286921635270119
0.02558036334812641
0.14870582520961761
0.5225573182106018
0.011727345176041126
0.009825902990996838
0.3368988037109375
0.04096217453479767
0.4862966239452362
0.030326683074235916
0.032845113426446915
0.028025886043906212
0.023776425048708916
0.02941650152206421
0.019271867349743843
0.028792766854166985
0.6223132014274597
0.01072045136243105
0.014836234040558338
0.02505660429596901
0.8789610266685486
0.006832818500697613
0.03367726504802704
0.037742506712675095
0.8592492341995239
0.14248576760292053
0.8867864608764648
0.015367564745247364
0.03450579196214676
0.8858035206794739
0.8986765146255493
0.03858340531587601
0.018440179526805878
0.8367167711257935
0.442736953496933
0.089578777551651
0.006307513453066349
0.1620706170797348
0.9233158826828003
0.4922519326210022
0.04025527462363243
0.11211718618869781
0.029806219041347504
0.03361125290393829
0.016768649220466614
0.024457253515720367
0.022820524871349335
0.021259870380163193
0.19578740000724792
0.06753873825073242
0.8564754128456116
0.023144753649830818
0.018073825165629387
0.8413266539573669
0.031035127118229866
0.20717023313045502
0.040482841432094574
0.02049829065799713
0.016079477965831757
0.03173547238111496
0.8802452683448792
0.04111005738377571
0.1246611475944519
0.01449937466531992
0.01273372769355774
0.043982744216918945
0.020504996180534363
0.030596069991588593
0.9433021545410156
0.012303509749472141
0.052895866334438324
0.010426359251141548
0.009164304472506046
0.028290260583162308
0.04902028292417526
0.017377519980072975
0.005580676719546318
0.8602536916732788
0.013353923335671425
0.8859691023826599
0.03728107362985611
0.006621032487601042
0.009863230399787426
0.008630834519863129
0.9393974542617798
0.013210378587245941
0.036018114537000656
0.03990837559103966
0.029803000390529633
0.8402438163757324
0.022808853536844254
0.14170758426189423
0.03131471574306488
0.023441985249519348
0.008864887990057468
0.17621031403541565
0.05448511242866516
0.053678710013628006
0.013271413743495941
0.7859588265419006
0.008461575023829937
0.00774005614221096
0.006764366757124662
0.025109723210334778
0.026220913976430893
0.0321352519094944
0.9214194416999817
0.02591320313513279
0.053893040865659714
0.005106427241116762
0.02207711525261402
0.7468311786651611
0.7618239521980286
0.01736156828701496
0.035100456327199936
0.024060338735580444
0.8203869462013245
0.003390870988368988
0.9084120988845825
0.010098091326653957
0.022664254531264305
0.011252122931182384
0.32162147760391235
0.019554058089852333
0.019893497228622437
0.5243886113166809
0.8634417653083801
0.023312482982873917
0.057752564549446106
0.02710207924246788
0.012477953918278217
0.009032482281327248
0.010118785314261913
0.01105411909520626
0.26909419894218445
0.004831050988286734
0.012139945290982723
0.03794651851058006
0.011312361806631088
0.12132076919078827
0.6217842102050781
0.016820261254906654
0.02623608149588108
0.039302315562963486
0.03399646282196045
0.8497135043144226
0.0370417945086956
0.007501767948269844
0.01757941022515297
0.8639305233955383
0.022457733750343323
0.007175940554589033
0.8316589593887329
0.045208562165498734
0.062359314411878586
0.050995782017707825
0.01331771444529295
0.03897586837410927
0.020940013229846954
0.10489199310541153
0.022291159257292747
0.12286005169153214
0.04007061570882797
0.0254743080586195
0.017035573720932007
0.06128675863146782
0.022714463993906975
0.014182056300342083
0.041160475462675095
0.46934857964515686
0.959138035774231
0.03882671892642975
0.020835548639297485
0.9099655747413635
0.008545562624931335
0.43567660450935364
0.8850177526473999
0.12785987555980682
0.016300566494464874
0.012443645857274532
0.0959625095129013
0.04233681783080101
0.018041830509901047
0.03523102402687073
0.025979477912187576
0.029628584161400795
0.021754015237092972
0.05234517157077789
0.01710154116153717
0.43645647168159485
0.05710280314087868
0.04674142226576805
0.009275279939174652
0.19271022081375122
0.1928544044494629
0.04334636032581329
0.01178971491754055
0.02434910461306572
0.033672034740448
0.5664641857147217
0.013842887245118618
0.01420669723302126
0.009773099794983864
0.016597745940089226
0.2694927155971527
0.8570843935012817
0.8853884935379028
0.2597549855709076
0.05648213252425194
0.029252327978610992
0.0434529110789299
0.03971029072999954
0.919782817363739
0.01694544404745102
0.18669196963310242
0.03977521136403084
0.05679566040635109
0.01560097187757492
0.036206360906362534
0.03827187791466713
0.031245872378349304
0.08249227702617645
0.016992229968309402
0.48822295665740967
0.013519519940018654
0.022509798407554626
0.015002490021288395
0.8505164384841919
0.03323410078883171
0.016452079638838768
0.0831393375992775
0.03560429811477661
0.005398526322096586
0.018825601786375046
0.030004091560840607
0.021860860288143158
0.021306727081537247
0.01272576954215765
0.025195665657520294
0.43394336104393005
0.02411223202943802
0.011079744435846806
0.009640065021812916
0.021868595853447914
0.005077718757092953
0.029611358419060707
0.03343375027179718
0.023748982697725296
0.05298759788274765
0.030592376366257668
0.10057495534420013
0.031084612011909485
0.7304874658584595
0.013942264951765537
0.010389692150056362
0.8304393291473389
0.01205561961978674
0.043625060468912125
0.9670296311378479
0.031712472438812256
0.010233604349195957
0.0161279384046793
0.06509358435869217
0.0663689374923706
0.009941533207893372
0.006247837096452713
0.019329804927110672
0.009160290472209454
0.07837964594364166
0.0110228406265378
0.006055751349776983
0.9958378076553345
0.020861104130744934
0.027324151247739792
0.9574863910675049
0.0241853017359972
0.017565950751304626
0.0499735064804554
0.015365016646683216
0.08215513825416565
0.37960854172706604
0.024376891553401947
0.09527407586574554
0.02246129885315895
0.056805338710546494
0.008129306137561798
0.009676091372966766
0.4395082890987396
0.06484281271696091
0.027494236826896667
0.02046383172273636
0.02321135252714157
0.9597334861755371
0.08276567608118057
0.04121556133031845
0.05455305799841881
0.0277964286506176
0.017453422769904137
0.021435314789414406
0.03406686335802078
0.03655482083559036
0.4129195809364319
0.025871992111206055
0.006245688069611788
0.046648941934108734
0.01734928973019123
0.025794189423322678
0.027744300663471222
0.23530958592891693
0.014785894192755222
0.011224263347685337
0.030499057844281197
0.040601979941129684
0.01287620235234499
0.040172263979911804
0.011686871759593487
0.013324620202183723
0.019297366961836815
0.011283120140433311
0.021948356181383133
0.02055472694337368
0.01481625810265541
0.23248496651649475
0.14250744879245758
0.027777839452028275
0.054766297340393066
0.011640715412795544
0.018837083131074905
0.019687937572598457
0.02011018991470337
0.015497731044888496
0.0350538045167923
0.35959309339523315
0.02109612338244915
0.025944484397768974
0.02783791348338127
0.012094122357666492
0.00763154961168766
0.05576709657907486
0.006540265865623951
0.01742389425635338
0.009962426498532295
0.41871991753578186
0.017967842519283295
0.34923842549324036
0.03009176254272461
0.009524662978947163
0.018390927463769913
0.015568498522043228
0.009510261006653309
0.8650839328765869
0.027843385934829712
0.1271214634180069
0.010981297120451927
0.05428605526685715
0.012257043272256851
0.9401464462280273
0.012682665139436722
0.9697709679603577
0.015470118261873722
0.015738964080810547
0.017751898616552353
0.008912676945328712
0.01333830039948225
0.024365203455090523
0.016636814922094345
0.01748606376349926
0.1003236323595047
0.031637147068977356
0.037460893392562866
0.0317811444401741
0.02133183367550373
0.03018198534846306
0.9151510000228882
0.013888239860534668
0.010126912035048008
0.013427862897515297
0.9738567471504211
0.02784857340157032
0.8267006278038025
0.029000302776694298
0.017679374665021896
0.00861940998584032
0.012207510881125927
0.009614967741072178
0.0173938125371933
0.01017728354781866
0.010992021299898624
0.021494708955287933
0.029551390558481216
0.013740251772105694
0.007734919432550669
0.04071810096502304
0.04345608502626419
0.014603869989514351
0.0745781660079956
0.04976591467857361
0.015982285141944885
0.025942478328943253
0.02810695581138134
0.20483580231666565
0.03801387548446655
0.017599385231733322
0.005290788598358631
0.008572349324822426
0.7970000505447388
0.01734725758433342
0.008959374390542507
0.010891832411289215
0.013711095787584782
0.015037770383059978
0.22194132208824158
0.008939247578382492
0.04696294292807579
0.02052144706249237
0.016344312578439713
0.5911110043525696
0.01063635665923357
0.03362323343753815
0.029251841828227043
0.020115915685892105
0.012202447280287743
0.1590936779975891
0.05872800573706627
0.0344771072268486
0.8636497259140015
0.054558247327804565
0.10809343308210373
0.030746279284358025
0.02178139053285122
0.010755974799394608
0.04002002626657486
0.009887615218758583
0.004248910117894411
0.013295738957822323
0.028963996097445488
0.014891638420522213
0.021440956741571426
0.020400261506438255
0.027985403314232826
0.019018001854419708
0.25538215041160583
